2015-04-28 23:56:24 INFO - Word loading completed!
2015-04-29 09:26:25 INFO - Word dictionary doesn't contain word: "циничны"
2015-04-29 09:26:30 INFO - Word dictionary doesn't contain word: "фунда"
2015-04-29 09:27:12 INFO - Word dictionary doesn't contain word: "отделыва"
2015-04-29 09:27:31 INFO - Word dictionary doesn't contain word: "чис"
2015-04-29 09:28:05 INFO - Word dictionary doesn't contain word: "нескончаемы"
2015-04-29 09:28:14 INFO - Word dictionary doesn't contain word: "тормо"
2015-04-29 09:28:15 INFO - Word dictionary doesn't contain word: "терп"
2015-04-29 09:28:17 INFO - Word dictionary doesn't contain word: "распекат"
2015-04-29 09:28:19 INFO - Word dictionary doesn't contain word: "щупат"
2015-04-29 09:29:21 INFO - Word dictionary doesn't contain word: "тревожны"
2015-04-29 09:29:50 INFO - Word dictionary doesn't contain word: "ст"
2015-04-29 09:30:52 INFO - Word dictionary doesn't contain word: "ти"
2015-04-29 09:30:57 INFO - Word dictionary doesn't contain word: "см"
2015-04-29 09:31:29 INFO - Word dictionary doesn't contain word: "старате"
2015-04-29 09:38:22 INFO - Word dictionary doesn't contain word: "размолвк"
2015-04-29 09:39:11 INFO - Word dictionary doesn't contain word: "удовлетворит"
2015-04-29 09:39:56 INFO - Word dictionary doesn't contain word: "шеромыжнич"
2015-04-29 09:40:33 INFO - Word dictionary doesn't contain word: "цини"
2015-04-29 09:41:09 INFO - Word dictionary doesn't contain word: "угнет"
2015-04-29 09:41:22 INFO - Word dictionary doesn't contain word: "рукичешут"
2015-04-29 09:41:29 INFO - Word dictionary doesn't contain word: "страшилищ"
2015-04-29 09:42:00 INFO - Word dictionary doesn't contain word: "подс"
2015-04-29 09:42:38 INFO - Word dictionary doesn't contain word: "трогатьзаживуюстр"
2015-04-29 09:44:10 INFO - Word dictionary doesn't contain word: "пр"
2015-04-29 09:45:28 INFO - Word dictionary doesn't contain word: "ускальзыва"
2015-04-29 09:47:00 INFO - Word dictionary doesn't contain word: "чистокро"
2015-04-29 09:47:23 INFO - Word dictionary doesn't contain word: "подо"
2015-04-29 09:50:46 INFO - Word dictionary doesn't contain word: "неес"
2015-04-29 09:54:55 INFO - Word dictionary doesn't contain word: "неперевешае"
2015-04-29 09:56:12 INFO - Word dictionary doesn't contain word: "уха"
2015-04-29 09:56:12 INFO - Word dictionary doesn't contain word: "скруп"
2015-04-29 09:58:11 INFO - Word dictionary doesn't contain word: "скрупул"
2015-04-29 10:02:13 INFO - Word dictionary doesn't contain word: "тарабарскаяг"
2015-04-29 10:02:56 INFO - Word dictionary doesn't contain word: "тешит"
2015-04-29 10:04:14 INFO - Word dictionary doesn't contain word: "трафа"
2015-04-29 10:05:35 INFO - Word dictionary doesn't contain word: "судит"
2015-04-29 10:06:51 INFO - Word dictionary doesn't contain word: "соответств"
2015-04-29 10:09:30 INFO - Word dictionary doesn't contain word: "разговар"
2015-04-29 10:10:19 INFO - Word dictionary doesn't contain word: "тарарах"
2015-04-29 10:12:26 INFO - Word dictionary doesn't contain word: "положенны"
2015-04-29 10:12:52 INFO - Word dictionary doesn't contain word: "свидетельств"
2015-04-29 10:13:20 INFO - Word dictionary doesn't contain word: "узак"
2015-04-29 10:14:21 INFO - Word dictionary doesn't contain word: "пож"
2015-04-29 10:17:22 INFO - Word dictionary doesn't contain word: "собира"
2015-04-29 10:19:27 INFO - Word dictionary doesn't contain word: "предупреди"
2015-04-29 10:21:29 INFO - Stopped loading synonyms
2015-04-29 10:21:29 INFO - Amount of checked words: 13852
2015-05-01 14:02:04 INFO - Word dictionary doesn't contain word: "употребительн"
2015-05-01 14:02:41 INFO - Word dictionary doesn't contain word: "нерасс"
2015-05-01 14:09:56 INFO - Word dictionary doesn't contain word: "ходитьпопя"
2015-05-01 14:12:16 INFO - Word dictionary doesn't contain word: "федераци"
2015-05-01 14:12:31 INFO - Word dictionary doesn't contain word: "уст"
2015-05-01 14:12:32 INFO - Word dictionary doesn't contain word: "сог"
2015-05-01 14:16:39 INFO - Stopped loading synonyms
2015-05-01 14:16:39 INFO - Amount of checked words: 16842
2015-05-02 12:02:01 INFO - Word dictionary doesn't contain word: "разборч"
2015-05-02 12:02:42 INFO - Word dictionary doesn't contain word: "рассужда"
2015-05-02 12:03:31 INFO - Word dictionary doesn't contain word: "соо"
2015-05-02 12:04:02 INFO - Word dictionary doesn't contain word: "фунда"
2015-05-02 12:04:18 INFO - Word dictionary doesn't contain word: "сл"
2015-05-02 12:04:23 INFO - Word dictionary doesn't contain word: "усердствова"
2015-05-02 12:04:49 INFO - Word dictionary doesn't contain word: "учтив"
2015-05-02 12:05:15 INFO - Word dictionary doesn't contain word: "ко"
2015-05-02 12:06:14 INFO - Word dictionary doesn't contain word: "уморитьг"
2015-05-02 12:07:04 INFO - Word dictionary doesn't contain word: "сведат"
2015-05-02 12:07:36 INFO - Word dictionary doesn't contain word: "проститьс"
2015-05-02 12:11:35 INFO - Word dictionary doesn't contain word: "сер"
2015-05-02 12:11:56 INFO - Word dictionary doesn't contain word: "неп"
2015-05-02 12:14:18 INFO - Synonym loading completed!
2015-05-02 12:14:18 INFO - Cleaning database of isolated words...
2015-05-02 12:39:53 INFO - Cleaning completed successfully!
